<?xml version="1.0" encoding="UTF-8"?>
<testng-results ignored="0" total="1" passed="1" failed="0" skipped="0">
  <reporter-output>
  </reporter-output>
  <suite started-at="2024-11-20T13:10:48 IST" name="Default suite" finished-at="2024-11-20T13:11:01 IST" duration-ms="13204">
    <groups>
    </groups>
    <test started-at="2024-11-20T13:10:48 IST" name="Default test" finished-at="2024-11-20T13:11:01 IST" duration-ms="13204">
      <class name="com.onlinebanking.practise.test.LoginToBankTest">
        <test-method is-config="true" signature="configBS()[pri:0, instance:com.onlinebanking.practise.test.LoginToBankTest@4b29d1d2]" started-at="2024-11-20T13:10:48 IST" name="configBS" finished-at="2024-11-20T13:10:48 IST" duration-ms="17" status="PASS">
          <reporter-output>
          </reporter-output>
        </test-method> <!-- configBS -->
        <test-method is-config="true" signature="configBC()[pri:0, instance:com.onlinebanking.practise.test.LoginToBankTest@4b29d1d2]" started-at="2024-11-20T13:10:48 IST" name="configBC" finished-at="2024-11-20T13:10:51 IST" duration-ms="3132" status="PASS">
          <reporter-output>
          </reporter-output>
        </test-method> <!-- configBC -->
        <test-method is-config="true" signature="configBM()[pri:0, instance:com.onlinebanking.practise.test.LoginToBankTest@4b29d1d2]" started-at="2024-11-20T13:10:51 IST" name="configBM" finished-at="2024-11-20T13:10:51 IST" duration-ms="2" status="PASS">
          <reporter-output>
          </reporter-output>
        </test-method> <!-- configBM -->
        <test-method signature="createOpenAccountTest()[pri:0, instance:com.onlinebanking.practise.test.LoginToBankTest@4b29d1d2]" started-at="2024-11-20T13:10:51 IST" name="createOpenAccountTest" finished-at="2024-11-20T13:11:01 IST" duration-ms="9657" status="PASS">
          <reporter-output>
          </reporter-output>
        </test-method> <!-- createOpenAccountTest -->
        <test-method is-config="true" signature="configAM()[pri:0, instance:com.onlinebanking.practise.test.LoginToBankTest@4b29d1d2]" started-at="2024-11-20T13:11:01 IST" name="configAM" finished-at="2024-11-20T13:11:01 IST" duration-ms="3" status="PASS">
          <reporter-output>
          </reporter-output>
        </test-method> <!-- configAM -->
        <test-method is-config="true" signature="configAC()[pri:0, instance:com.onlinebanking.practise.test.LoginToBankTest@4b29d1d2]" started-at="2024-11-20T13:11:01 IST" name="configAC" finished-at="2024-11-20T13:11:01 IST" duration-ms="313" status="PASS">
          <reporter-output>
          </reporter-output>
        </test-method> <!-- configAC -->
        <test-method is-config="true" signature="configAS()[pri:0, instance:com.onlinebanking.practise.test.LoginToBankTest@4b29d1d2]" started-at="2024-11-20T13:11:01 IST" name="configAS" finished-at="2024-11-20T13:11:01 IST" duration-ms="1" status="PASS">
          <reporter-output>
          </reporter-output>
        </test-method> <!-- configAS -->
      </class> <!-- com.onlinebanking.practise.test.LoginToBankTest -->
    </test> <!-- Default test -->
  </suite> <!-- Default suite -->
</testng-results>
