<?xml version="1.0" encoding="UTF-8"?>
<!-- Generated by org.testng.reporters.JUnitXMLReporter -->
<testsuite ignored="1" hostname="LAPTOP-0FLDTBIB" failures="0" tests="1" name="Default test" time="13.204" errors="0" timestamp="2024-11-20T13:11:01 IST">
  <testcase classname="com.onlinebanking.practise.test.LoginToBankTest" name="createOpenAccountTest" time="9.657"/>
  <testcase classname="com.onlinebanking.practise.test.LoginToBankTest" name="loginAsStaffTest" time="0.0">
    <ignored/>
  </testcase> <!-- loginAsStaffTest -->
</testsuite> <!-- Default test -->
